SCHEME/ROLE.SCM
SCHEME/DEBUG.SCM
AUTOEXEC.SCM
SCHEME/GOFAST.SCM
MOTIONS/CHEST_K.MOT
MOTIONS/GETUP_H.MOT
MOTIONS/GRUB_B.MOT
MOTIONS/PUT_B_H.MOT
MOTIONS/RAILGUN.MOT
MOTIONS/WL_K.MOT
MOTIONS/CMU_K.MOT
MOTIONS/GETUP_L.MOT
MOTIONS/GWL_K.MOT
MOTIONS/QL_K.MOT
MOTIONS/SHIBAKL.MOT
MOTIONS/WR_K.MOT
MOTIONS/DIVE_K.MOT
MOTIONS/GETUP_R.MOT
MOTIONS/GWR_K.MOT
MOTIONS/QRAILGUN.MOT
MOTIONS/SHIBAKR.MOT
MOTIONS/GETUP_F.MOT
MOTIONS/GRUB.MOT
MOTIONS/PUSH_H_S.MOT
MOTIONS/QR_K.MOT
MOTIONS/SOMAY_K.MOT
MOTIONS/NEO_S_K.MOT
MOTIONS/CHOPR.MOT
MOTIONS/CHOPL.MOT
MOTIONS/CHESTD.MOT
MOTIONS/DIVEW.MOT
MOTIONS/DIVEN.MOT
MOTIONS/LOOKFRL.MOT
MOTIONS/SHIBAKBL.MOT
MOTIONS/SHIBAKBR.MOT
MOTIONS/SASA_K.MOT
MOTIONS/TAICHO_L.MOT
MOTIONS/TAICHO_R.MOT
MOTIONS/GOALIE_G.MOT
